
*** Running vivado
    with args -log fifo_generator_0.vds -m64 -product Vivado -mode batch -messageDb vivado.pb -notrace -source fifo_generator_0.tcl


****** Vivado v2016.4 (64-bit)
  **** SW Build 1756540 on Mon Jan 23 19:11:19 MST 2017
  **** IP Build 1755317 on Mon Jan 23 20:30:07 MST 2017
    ** Copyright 1986-2016 Xilinx, Inc. All Rights Reserved.

source fifo_generator_0.tcl -notrace
Starting RTL Elaboration : Time (s): cpu = 00:00:08 ; elapsed = 00:00:10 . Memory (MB): peak = 1242.562 ; gain = 222.035 ; free physical = 987 ; free virtual = 9883
INFO: [Synth 8-638] synthesizing module 'fifo_generator_0' [/home/a0312687/program_files/test/VFAT3-TB-Firmware/VFAT3_TB_firmware.srcs/sources_1/ip/fifo_generator_0/synth/fifo_generator_0.vhd:76]
INFO: [Synth 8-256] done synthesizing module 'fifo_generator_0' (30#1) [/home/a0312687/program_files/test/VFAT3-TB-Firmware/VFAT3_TB_firmware.srcs/sources_1/ip/fifo_generator_0/synth/fifo_generator_0.vhd:76]
Finished RTL Elaboration : Time (s): cpu = 00:01:33 ; elapsed = 00:01:35 . Memory (MB): peak = 1486.707 ; gain = 466.180 ; free physical = 539 ; free virtual = 9437
Finished RTL Optimization Phase 1 : Time (s): cpu = 00:01:34 ; elapsed = 00:01:36 . Memory (MB): peak = 1486.707 ; gain = 466.180 ; free physical = 540 ; free virtual = 9438
INFO: [Device 21-403] Loading part xc7k325tffg900-2
Constraint Validation Runtime : Time (s): cpu = 00:00:00.06 ; elapsed = 00:00:00.06 . Memory (MB): peak = 1686.719 ; gain = 0.004 ; free physical = 459 ; free virtual = 9357
Finished Constraint Validation : Time (s): cpu = 00:01:46 ; elapsed = 00:01:48 . Memory (MB): peak = 1686.719 ; gain = 666.191 ; free physical = 448 ; free virtual = 9347
Finished Loading Part and Timing Information : Time (s): cpu = 00:01:46 ; elapsed = 00:01:48 . Memory (MB): peak = 1686.719 ; gain = 666.191 ; free physical = 448 ; free virtual = 9347
Finished applying 'set_property' XDC Constraints : Time (s): cpu = 00:01:46 ; elapsed = 00:01:48 . Memory (MB): peak = 1686.719 ; gain = 666.191 ; free physical = 448 ; free virtual = 9347
Finished RTL Optimization Phase 2 : Time (s): cpu = 00:01:48 ; elapsed = 00:01:51 . Memory (MB): peak = 1686.719 ; gain = 666.191 ; free physical = 435 ; free virtual = 9333
Finished Cross Boundary and Area Optimization : Time (s): cpu = 00:01:50 ; elapsed = 00:01:53 . Memory (MB): peak = 1686.723 ; gain = 666.195 ; free physical = 416 ; free virtual = 9317
Finished Applying XDC Timing Constraints : Time (s): cpu = 00:01:58 ; elapsed = 00:02:00 . Memory (MB): peak = 1686.723 ; gain = 666.195 ; free physical = 402 ; free virtual = 9303
Finished Timing Optimization : Time (s): cpu = 00:01:58 ; elapsed = 00:02:01 . Memory (MB): peak = 1686.723 ; gain = 666.195 ; free physical = 391 ; free virtual = 9292
Finished Technology Mapping : Time (s): cpu = 00:01:59 ; elapsed = 00:02:02 . Memory (MB): peak = 1686.723 ; gain = 666.195 ; free physical = 374 ; free virtual = 9274
Finished IO Insertion : Time (s): cpu = 00:02:00 ; elapsed = 00:02:02 . Memory (MB): peak = 1686.723 ; gain = 666.195 ; free physical = 373 ; free virtual = 9273
Finished Renaming Generated Instances : Time (s): cpu = 00:02:00 ; elapsed = 00:02:02 . Memory (MB): peak = 1686.723 ; gain = 666.195 ; free physical = 373 ; free virtual = 9273
Finished Rebuilding User Hierarchy : Time (s): cpu = 00:02:00 ; elapsed = 00:02:03 . Memory (MB): peak = 1686.723 ; gain = 666.195 ; free physical = 372 ; free virtual = 9273
Finished Renaming Generated Ports : Time (s): cpu = 00:02:00 ; elapsed = 00:02:03 . Memory (MB): peak = 1686.723 ; gain = 666.195 ; free physical = 372 ; free virtual = 9273
Finished Handling Custom Attributes : Time (s): cpu = 00:02:00 ; elapsed = 00:02:03 . Memory (MB): peak = 1686.723 ; gain = 666.195 ; free physical = 372 ; free virtual = 9273
Finished Renaming Generated Nets : Time (s): cpu = 00:02:00 ; elapsed = 00:02:03 . Memory (MB): peak = 1686.723 ; gain = 666.195 ; free physical = 372 ; free virtual = 9273

Report Cell Usage: 
+------+-----------+------+
|      |Cell       |Count |
+------+-----------+------+
|1     |CARRY4     |    10|
|2     |LUT1       |    34|
|3     |LUT2       |    66|
|4     |LUT3       |    12|
|5     |LUT4       |    44|
|6     |LUT5       |    10|
|7     |LUT6       |   325|
|8     |MUXCY      |    36|
|9     |MUXF7      |   108|
|10    |RAMB36E1   |    96|
|11    |RAMB36E1_1 |    10|
|12    |RAMB36E1_2 |    10|
|13    |FDCE       |   364|
|14    |FDPE       |    22|
|15    |FDRE       |    12|
+------+-----------+------+
Finished Writing Synthesis Report : Time (s): cpu = 00:02:00 ; elapsed = 00:02:03 . Memory (MB): peak = 1686.723 ; gain = 666.195 ; free physical = 372 ; free virtual = 9273
synth_design: Time (s): cpu = 00:02:03 ; elapsed = 00:02:04 . Memory (MB): peak = 2147.086 ; gain = 1038.059 ; free physical = 121 ; free virtual = 8905
