
*** Running vivado
    with args -log ila_5.vds -m64 -product Vivado -mode batch -messageDb vivado.pb -notrace -source ila_5.tcl


****** Vivado v2016.4 (64-bit)
  **** SW Build 1756540 on Mon Jan 23 19:11:19 MST 2017
  **** IP Build 1755317 on Mon Jan 23 20:30:07 MST 2017
    ** Copyright 1986-2016 Xilinx, Inc. All Rights Reserved.

source ila_5.tcl -notrace
Starting RTL Elaboration : Time (s): cpu = 00:00:11 ; elapsed = 00:00:11 . Memory (MB): peak = 1281.344 ; gain = 266.125 ; free physical = 2255 ; free virtual = 8918
INFO: [Synth 8-638] synthesizing module 'ila_5' [/home/a0312687/Vivado/VFAT3-Testbench_hybrid+I2C/Firmware/vfat3_testing_firmware/vfat3_testing_firmware.srcs/sources_1/ip/ila_5/synth/ila_5.vhd:75]
INFO: [Synth 8-638] synthesizing module 'CFGLUT5' [/home/Xilinx/Vivado/2016.4/scripts/rt/data/unisim_comp.v:998]
INFO: [Synth 8-256] done synthesizing module 'CFGLUT5' (8#1) [/home/Xilinx/Vivado/2016.4/scripts/rt/data/unisim_comp.v:998]
INFO: [Synth 8-638] synthesizing module 'CARRY4' [/home/Xilinx/Vivado/2016.4/scripts/rt/data/unisim_comp.v:961]
INFO: [Synth 8-256] done synthesizing module 'CARRY4' (9#1) [/home/Xilinx/Vivado/2016.4/scripts/rt/data/unisim_comp.v:961]
INFO: [Synth 8-638] synthesizing module 'SRLC32E' [/home/Xilinx/Vivado/2016.4/scripts/rt/data/unisim_comp.v:43478]
INFO: [Synth 8-256] done synthesizing module 'SRLC32E' (19#1) [/home/Xilinx/Vivado/2016.4/scripts/rt/data/unisim_comp.v:43478]
INFO: [Synth 8-638] synthesizing module 'SRL16E' [/home/Xilinx/Vivado/2016.4/scripts/rt/data/unisim_comp.v:43328]
INFO: [Synth 8-256] done synthesizing module 'SRL16E' (21#1) [/home/Xilinx/Vivado/2016.4/scripts/rt/data/unisim_comp.v:43328]
INFO: [Synth 8-638] synthesizing module 'SRLC16E' [/home/Xilinx/Vivado/2016.4/scripts/rt/data/unisim_comp.v:43417]
INFO: [Synth 8-256] done synthesizing module 'SRLC16E' (23#1) [/home/Xilinx/Vivado/2016.4/scripts/rt/data/unisim_comp.v:43417]
INFO: [Synth 8-638] synthesizing module 'FDRE' [/home/Xilinx/Vivado/2016.4/scripts/rt/data/unisim_comp.v:3964]
INFO: [Synth 8-256] done synthesizing module 'FDRE' (28#1) [/home/Xilinx/Vivado/2016.4/scripts/rt/data/unisim_comp.v:3964]
INFO: [Synth 8-256] done synthesizing module 'ila_5' (48#1) [/home/a0312687/Vivado/VFAT3-Testbench_hybrid+I2C/Firmware/vfat3_testing_firmware/vfat3_testing_firmware.srcs/sources_1/ip/ila_5/synth/ila_5.vhd:75]
Finished RTL Elaboration : Time (s): cpu = 00:01:19 ; elapsed = 00:01:19 . Memory (MB): peak = 1604.301 ; gain = 589.082 ; free physical = 1927 ; free virtual = 8592
Finished RTL Optimization Phase 1 : Time (s): cpu = 00:01:19 ; elapsed = 00:01:20 . Memory (MB): peak = 1604.301 ; gain = 589.082 ; free physical = 1927 ; free virtual = 8592
INFO: [Device 21-403] Loading part xc7k325tffg900-2
Constraint Validation Runtime : Time (s): cpu = 00:00:00.11 ; elapsed = 00:00:00.10 . Memory (MB): peak = 1741.312 ; gain = 0.004 ; free physical = 1911 ; free virtual = 8576
Finished Constraint Validation : Time (s): cpu = 00:01:35 ; elapsed = 00:01:35 . Memory (MB): peak = 1741.312 ; gain = 726.094 ; free physical = 1910 ; free virtual = 8575
Finished Loading Part and Timing Information : Time (s): cpu = 00:01:35 ; elapsed = 00:01:35 . Memory (MB): peak = 1741.312 ; gain = 726.094 ; free physical = 1910 ; free virtual = 8575
Finished applying 'set_property' XDC Constraints : Time (s): cpu = 00:01:35 ; elapsed = 00:01:36 . Memory (MB): peak = 1741.312 ; gain = 726.094 ; free physical = 1910 ; free virtual = 8575
Finished RTL Optimization Phase 2 : Time (s): cpu = 00:01:38 ; elapsed = 00:01:39 . Memory (MB): peak = 1741.312 ; gain = 726.094 ; free physical = 1905 ; free virtual = 8570
Finished Cross Boundary and Area Optimization : Time (s): cpu = 00:01:45 ; elapsed = 00:01:46 . Memory (MB): peak = 1741.312 ; gain = 726.094 ; free physical = 1872 ; free virtual = 8537
Finished Applying XDC Timing Constraints : Time (s): cpu = 00:01:54 ; elapsed = 00:01:55 . Memory (MB): peak = 1741.312 ; gain = 726.094 ; free physical = 1870 ; free virtual = 8535
Finished Timing Optimization : Time (s): cpu = 00:01:54 ; elapsed = 00:01:55 . Memory (MB): peak = 1741.312 ; gain = 726.094 ; free physical = 1870 ; free virtual = 8535
Finished Technology Mapping : Time (s): cpu = 00:01:56 ; elapsed = 00:01:57 . Memory (MB): peak = 1741.312 ; gain = 726.094 ; free physical = 1833 ; free virtual = 8499
Finished IO Insertion : Time (s): cpu = 00:01:56 ; elapsed = 00:01:57 . Memory (MB): peak = 1741.312 ; gain = 726.094 ; free physical = 1832 ; free virtual = 8498
Finished Renaming Generated Instances : Time (s): cpu = 00:01:56 ; elapsed = 00:01:57 . Memory (MB): peak = 1741.312 ; gain = 726.094 ; free physical = 1832 ; free virtual = 8498
Finished Rebuilding User Hierarchy : Time (s): cpu = 00:01:57 ; elapsed = 00:01:58 . Memory (MB): peak = 1741.312 ; gain = 726.094 ; free physical = 1832 ; free virtual = 8498
Finished Renaming Generated Ports : Time (s): cpu = 00:01:57 ; elapsed = 00:01:58 . Memory (MB): peak = 1741.312 ; gain = 726.094 ; free physical = 1832 ; free virtual = 8498
Finished Handling Custom Attributes : Time (s): cpu = 00:01:57 ; elapsed = 00:01:58 . Memory (MB): peak = 1741.312 ; gain = 726.094 ; free physical = 1832 ; free virtual = 8498
Finished Renaming Generated Nets : Time (s): cpu = 00:01:57 ; elapsed = 00:01:58 . Memory (MB): peak = 1741.312 ; gain = 726.094 ; free physical = 1832 ; free virtual = 8498

Report Cell Usage: 
+------+---------+------+
|      |Cell     |Count |
+------+---------+------+
|1     |CARRY4   |    56|
|2     |CFGLUT5  |   125|
|3     |LUT1     |    62|
|4     |LUT2     |    49|
|5     |LUT3     |   112|
|6     |LUT4     |   175|
|7     |LUT5     |   123|
|8     |LUT6     |   660|
|9     |MUXF7    |    20|
|10    |MUXF8    |     1|
|11    |RAMB36E1 |    48|
|12    |SRL16E   |   111|
|13    |SRLC16E  |     2|
|14    |SRLC32E  |    17|
|15    |FDRE     |  1795|
|16    |FDSE     |     9|
+------+---------+------+
Finished Writing Synthesis Report : Time (s): cpu = 00:01:57 ; elapsed = 00:01:58 . Memory (MB): peak = 1741.312 ; gain = 726.094 ; free physical = 1832 ; free virtual = 8498
synth_design: Time (s): cpu = 00:01:55 ; elapsed = 00:01:56 . Memory (MB): peak = 1741.312 ; gain = 588.590 ; free physical = 1834 ; free virtual = 8500
