Copyright 1986-2016 Xilinx, Inc. All Rights Reserved.
------------------------------------------------------------------------------------
| Tool Version : Vivado v.2016.4 (lin64) Build 1756540 Mon Jan 23 19:11:19 MST 2017
| Date         : Wed Oct  4 23:48:02 2017
| Host         : lut4431 running 64-bit unknown
| Command      : report_clock_utilization -file top_clock_utilization_routed.rpt
| Design       : top
| Device       : 7k325t-ffg900
| Speed File   : -2  PRODUCTION 1.12 2014-09-11
------------------------------------------------------------------------------------

Clock Utilization Report

Table of Contents
-----------------
1. Clock Primitive Utilization
2. Global Clock Resources
3. Global Clock Source Details
4. Clock Regions: Key Resource Utilization
5. Clock Regions : Global Clock Summary
6. Cell Type Counts per Global Clock: Region X0Y0
7. Cell Type Counts per Global Clock: Region X1Y0
8. Cell Type Counts per Global Clock: Region X0Y1
9. Cell Type Counts per Global Clock: Region X1Y1
10. Cell Type Counts per Global Clock: Region X0Y2
11. Cell Type Counts per Global Clock: Region X1Y2
12. Cell Type Counts per Global Clock: Region X0Y3
13. Cell Type Counts per Global Clock: Region X1Y3
14. Cell Type Counts per Global Clock: Region X0Y4
15. Cell Type Counts per Global Clock: Region X1Y4
16. Cell Type Counts per Global Clock: Region X0Y5
17. Cell Type Counts per Global Clock: Region X1Y5
18. Cell Type Counts per Global Clock: Region X1Y6
19. Load Cell Placement Summary for Global Clock g0
20. Load Cell Placement Summary for Global Clock g1
21. Load Cell Placement Summary for Global Clock g2
22. Load Cell Placement Summary for Global Clock g3
23. Load Cell Placement Summary for Global Clock g4
24. Load Cell Placement Summary for Global Clock g5
25. Load Cell Placement Summary for Global Clock g6
26. Load Cell Placement Summary for Global Clock g7

1. Clock Primitive Utilization
------------------------------

+----------+------+-----------+-----+--------------+--------+
| Type     | Used | Available | LOC | Clock Region | Pblock |
+----------+------+-----------+-----+--------------+--------+
| BUFGCTRL |    7 |        32 |   0 |            0 |      0 |
| BUFH     |    0 |       168 |   0 |            0 |      0 |
| BUFIO    |    1 |        40 |   1 |            0 |      0 |
| BUFMR    |    0 |        20 |   0 |            0 |      0 |
| BUFR     |    1 |        40 |   0 |            0 |      0 |
| MMCM     |    2 |        10 |   0 |            0 |      0 |
| PLL      |    0 |        10 |   0 |            0 |      0 |
+----------+------+-----------+-----+--------------+--------+


2. Global Clock Resources
-------------------------

+-----------+-----------+-----------------+------------+---------------+--------------+------+-------------------+-------------------+-------------+-----------------+--------------+-------------------------------------------------------------------------+---------------------------------------------------+--------------------------------------------+
| Global Id | Source Id | Driver Type/Pin | Constraint | Site          | Clock Region | Root | Clock Delay Group | Load Clock Region | Clock Loads | Non-Clock Loads | Clock Period | Clock                                                                   | Driver Pin                                        | Net                                        |
+-----------+-----------+-----------------+------------+---------------+--------------+------+-------------------+-------------------+-------------+-----------------+--------------+-------------------------------------------------------------------------+---------------------------------------------------+--------------------------------------------+
| g0        | src0      | BUFG/O          | None       | BUFGCTRL_X0Y0 | n/a          |      |                   |                13 |        6488 |               0 |       25.000 | clk_out1_clk_wiz_0                                                      | clocks/clk_wiz/inst/clkout1_buf/O                 | clocks/clk_wiz/inst/clk_out1               |
| g1        | src1      | BUFG/O          | None       | BUFGCTRL_X0Y1 | n/a          |      |                   |                 5 |        2772 |               0 |        8.000 | I                                                                       | clocks/bufg125/O                                  | clocks/clk125                              |
| g2        | src1      | BUFG/O          | None       | BUFGCTRL_X0Y4 | n/a          |      |                   |                13 |        1216 |               2 |       32.000 | clk_ipb_i                                                               | clocks/bufgipb/O                                  | clocks/ipb_clk                             |
| g3        | src2      | BUFG/O          | None       | BUFGCTRL_X0Y5 | n/a          |      |                   |                 1 |         365 |               0 |       33.000 | dbg_hub/inst/SWITCH_N_EXT_BSCAN.bscan_inst/SERIES7_BSCAN.bscan_inst/TCK | dbg_hub/inst/SWITCH_N_EXT_BSCAN.u_bufg_icon_tck/O | dbg_hub/inst/itck_i                        |
| g4        | src3      | BUFR/O          | None       | BUFR_X0Y9     | X0Y2         |      |                   |                 1 |         345 |               0 |        8.000 | gmii_rx_clk                                                             | eth/bufr0/O                                       | eth/rx_clk                                 |
| g5        | src4      | BUFG/O          | None       | BUFGCTRL_X0Y2 | n/a          |      |                   |                 4 |          26 |               0 |        5.000 | sysclk_p                                                                | clk200_BUFG_inst/O                                | clk200_BUFG                                |
| g6        | src0      | BUFG/O          | None       | BUFGCTRL_X0Y3 | n/a          |      |                   |                 1 |           3 |               1 |        3.125 | clk_out2_clk_wiz_0                                                      | clocks/clk_wiz/inst/clkout2_buf/O                 | clocks/clk_wiz/inst/clk_out2               |
| g7        | src0      | BUFG/O          | None       | BUFGCTRL_X0Y6 | n/a          |      |                   |                 1 |           1 |               0 |       25.000 | clkfbout_clk_wiz_0                                                      | clocks/clk_wiz/inst/clkf_buf/O                    | clocks/clk_wiz/inst/clkfbout_buf_clk_wiz_0 |
+-----------+-----------+-----------------+------------+---------------+--------------+------+-------------------+-------------------+-------------+-----------------+--------------+-------------------------------------------------------------------------+---------------------------------------------------+--------------------------------------------+
* Clock Loads column represents the clock pin loads (pin count)
** Non-Clock Loads column represents the non-clock pin loads (pin count)


3. Global Clock Source Details
------------------------------

+-----------+-----------+---------------------+------------+-----------------+--------------+-------------+-----------------+---------------------+-------------------------------------------------------------------------+-------------------------------------------------------------------------+---------------------------------------------------+
| Source Id | Global Id | Driver Type/Pin     | Constraint | Site            | Clock Region | Clock Loads | Non-Clock Loads | Source Clock Period | Source Clock                                                            | Driver Pin                                                              | Net                                               |
+-----------+-----------+---------------------+------------+-----------------+--------------+-------------+-----------------+---------------------+-------------------------------------------------------------------------+-------------------------------------------------------------------------+---------------------------------------------------+
| src0      | g0        | MMCME2_ADV/CLKOUT0  | None       | MMCME2_ADV_X0Y3 | X0Y3         |           1 |               0 |              25.000 | clk_out1_clk_wiz_0                                                      | clocks/clk_wiz/inst/mmcm_adv_inst/CLKOUT0                               | clocks/clk_wiz/inst/clk_out1_clk_wiz_0            |
| src0      | g6        | MMCME2_ADV/CLKOUT1  | None       | MMCME2_ADV_X0Y3 | X0Y3         |           1 |               0 |               3.125 | clk_out2_clk_wiz_0                                                      | clocks/clk_wiz/inst/mmcm_adv_inst/CLKOUT1                               | clocks/clk_wiz/inst/clk_out2_clk_wiz_0            |
| src0      | g7        | MMCME2_ADV/CLKFBOUT | None       | MMCME2_ADV_X0Y3 | X0Y3         |           1 |               0 |              25.000 | clkfbout_clk_wiz_0                                                      | clocks/clk_wiz/inst/mmcm_adv_inst/CLKFBOUT                              | clocks/clk_wiz/inst/clkfbout_clk_wiz_0            |
| src1      | g1        | MMCME2_ADV/CLKOUT1  | None       | MMCME2_ADV_X1Y0 | X1Y0         |           1 |               0 |               8.000 | I                                                                       | clocks/mmcm/CLKOUT1                                                     | clocks/I                                          |
| src1      | g2        | MMCME2_ADV/CLKOUT2  | None       | MMCME2_ADV_X1Y0 | X1Y0         |           1 |               0 |              32.000 | clk_ipb_i                                                               | clocks/mmcm/CLKOUT2                                                     | clocks/clk_ipb_i                                  |
| src2      | g3        | BSCANE2/TCK         | None       | BSCAN_X0Y0      | X0Y2         |           1 |               0 |              33.000 | dbg_hub/inst/SWITCH_N_EXT_BSCAN.bscan_inst/SERIES7_BSCAN.bscan_inst/TCK | dbg_hub/inst/SWITCH_N_EXT_BSCAN.bscan_inst/SERIES7_BSCAN.bscan_inst/TCK | dbg_hub/inst/SWITCH_N_EXT_BSCAN.bscan_inst/tck_bs |
| src3      | g4,       | IBUF/O              | IOB_X0Y124 | IOB_X0Y124      | X0Y2         |           2 |               0 |               8.000 | gmii_rx_clk                                                             | gmii_rx_clk_IBUF_inst/O                                                 | gmii_rx_clk_IBUF                                  |
| src4      | g5        | IBUFDS/O            | IOB_X1Y76  | IOB_X1Y76       | X1Y1         |           1 |               0 |               5.000 | sysclk_p                                                                | clocks/ibufgds0/O                                                       | clocks/clk200                                     |
+-----------+-----------+---------------------+------------+-----------------+--------------+-------------+-----------------+---------------------+-------------------------------------------------------------------------+-------------------------------------------------------------------------+---------------------------------------------------+
* Clock Loads column represents the clock pin loads (pin count)
** Non-Clock Loads column represents the non-clock pin loads (pin count)


4. Clock Regions: Key Resource Utilization
------------------------------------------

+-------------------+--------------+--------------+--------------+--------------+--------------+--------------+--------------+--------------+--------------+--------------+--------------+--------------+--------------+--------------+--------------+
|                   | Global Clock |     BUFRs    |    BUFMRs    |    BUFIOs    |     MMCM     |      PLL     |      GT      |      PCI     |    ILOGIC    |    OLOGIC    |      FF      |     LUTM     |    RAMB18    |    RAMB36    |    DSP48E2   |
+-------------------+------+-------+------+-------+------+-------+------+-------+------+-------+------+-------+------+-------+------+-------+------+-------+------+-------+------+-------+------+-------+------+-------+------+-------+------+-------+
| Clock Region Name | Used | Avail | Used | Avail | Used | Avail | Used | Avail | Used | Avail | Used | Avail | Used | Avail | Used | Avail | Used | Avail | Used | Avail | Used | Avail | Used | Avail | Used | Avail | Used | Avail | Used | Avail |
+-------------------+------+-------+------+-------+------+-------+------+-------+------+-------+------+-------+------+-------+------+-------+------+-------+------+-------+------+-------+------+-------+------+-------+------+-------+------+-------+
| X0Y0              |    2 |    12 |    0 |     4 |    0 |     2 |    0 |     4 |    0 |     1 |    0 |     1 |    0 |     0 |    0 |     0 |    0 |    50 |    0 |    50 |    0 |  4000 |    0 |  1150 |    0 |    60 |   12 |    30 |    0 |    60 |
| X1Y0              |    3 |    12 |    0 |     4 |    0 |     2 |    0 |     4 |    1 |     1 |    0 |     1 |    0 |     0 |    0 |     0 |    0 |    50 |    0 |    50 |  240 |  3700 |   75 |  1200 |    0 |    80 |   28 |    40 |    0 |    60 |
| X0Y1              |    6 |    12 |    0 |     4 |    0 |     2 |    0 |     4 |    0 |     1 |    0 |     1 |    0 |     0 |    0 |     0 |    1 |    50 |    1 |    50 | 2770 |  4000 |  831 |  1150 |    0 |    60 |   23 |    30 |    0 |    60 |
| X1Y1              |    2 |    12 |    0 |     4 |    0 |     2 |    0 |     4 |    0 |     1 |    0 |     1 |    0 |     0 |    0 |     0 |    0 |    50 |    0 |    50 | 2379 |  3700 |  818 |  1200 |    0 |    80 |   40 |    40 |    0 |    60 |
| X0Y2              |    6 |    12 |    1 |     4 |    0 |     2 |    1 |     4 |    0 |     1 |    0 |     1 |    0 |     0 |    0 |     0 |   10 |    50 |    0 |    50 | 3265 |  3400 | 1151 |  1150 |    0 |    60 |   26 |    30 |    0 |    60 |
| X1Y2              |    2 |    12 |    0 |     4 |    0 |     2 |    0 |     4 |    0 |     1 |    0 |     1 |    0 |     0 |    0 |     0 |    0 |    50 |    0 |    50 |  653 |  3700 |  403 |  1200 |    0 |    80 |   39 |    40 |    0 |    60 |
| X0Y3              |    5 |    12 |    0 |     4 |    0 |     2 |    0 |     4 |    1 |     1 |    0 |     1 |    0 |     0 |    0 |     0 |    0 |    50 |    1 |    50 |  304 |  3400 |   75 |  1150 |    0 |    60 |   17 |    30 |    0 |    60 |
| X1Y3              |    3 |    12 |    0 |     0 |    0 |     0 |    0 |     0 |    0 |     0 |    0 |     0 |    0 |     4 |    0 |     1 |    0 |     0 |    0 |     0 |   19 |  3150 |   19 |  1050 |    0 |    50 |   25 |    25 |    0 |    60 |
| X0Y4              |    2 |    12 |    0 |     4 |    0 |     2 |    0 |     4 |    0 |     1 |    0 |     1 |    0 |     0 |    0 |     0 |    0 |    50 |    0 |    50 |  189 |  4000 |  100 |  1150 |    0 |    60 |   29 |    30 |    0 |    60 |
| X1Y4              |    2 |    12 |    0 |     0 |    0 |     0 |    0 |     0 |    0 |     0 |    0 |     0 |    0 |     4 |    0 |     0 |    0 |     0 |    0 |     0 |   17 |  3300 |   20 |  1100 |    0 |    60 |   27 |    30 |    0 |    60 |
| X0Y5              |    2 |    12 |    0 |     4 |    0 |     2 |    0 |     4 |    0 |     1 |    0 |     1 |    0 |     0 |    0 |     0 |    0 |    50 |    0 |    50 |   14 |  4000 |   16 |  1150 |    0 |    60 |   13 |    30 |    0 |    60 |
| X1Y5              |    2 |    12 |    0 |     0 |    0 |     0 |    0 |     0 |    0 |     0 |    0 |     0 |    0 |     4 |    0 |     0 |    0 |     0 |    0 |     0 |    1 |  3300 |    0 |  1100 |    0 |    60 |   18 |    30 |    0 |    60 |
| X0Y6              |    0 |    12 |    0 |     4 |    0 |     2 |    0 |     4 |    0 |     1 |    0 |     1 |    0 |     0 |    0 |     0 |    0 |    50 |    0 |    50 |    0 |  4000 |    0 |  1150 |    0 |    60 |    0 |    30 |    0 |    60 |
| X1Y6              |    3 |    12 |    0 |     0 |    0 |     0 |    0 |     0 |    0 |     0 |    0 |     0 |    0 |     4 |    0 |     0 |    0 |     0 |    0 |     0 |    0 |  3300 |    0 |  1100 |    0 |    60 |    5 |    30 |    0 |    60 |
+-------------------+------+-------+------+-------+------+-------+------+-------+------+-------+------+-------+------+-------+------+-------+------+-------+------+-------+------+-------+------+-------+------+-------+------+-------+------+-------+
* Global Clock column represents track count; while other columns represents cell counts


5. Clock Regions : Global Clock Summary
---------------------------------------

+----+----+----+
|    | X0 | X1 |
+----+----+----+
| Y6 |  0 |  3 |
| Y5 |  2 |  2 |
| Y4 |  2 |  2 |
| Y3 |  5 |  3 |
| Y2 |  6 |  2 |
| Y1 |  6 |  2 |
| Y0 |  2 |  3 |
+----+----+----+


6. Cell Type Counts per Global Clock: Region X0Y0
-------------------------------------------------

+-----------+-------+-----------------+------------+-------------+-----------------+----+--------+------+-----+----+------+-----+---------+------------------------------+
| Global Id | Track | Driver Type/Pin | Constraint | Clock Loads | Non-Clock Loads | FF | LUTRAM | RAMB | DSP | GT | MMCM | PLL | Hard IP | Net                          |
+-----------+-------+-----------------+------------+-------------+-----------------+----+--------+------+-----+----+------+-----+---------+------------------------------+
| g0        | n/a   | BUFG/O          | None       |          12 |               0 |  0 |      0 |   12 |   0 |  0 |    0 |   0 |       0 | clocks/clk_wiz/inst/clk_out1 |
| g2        | n/a   | BUFG/O          | None       |          12 |               0 |  0 |      0 |   12 |   0 |  0 |    0 |   0 |       0 | clocks/ipb_clk               |
+-----------+-------+-----------------+------------+-------------+-----------------+----+--------+------+-----+----+------+-----+---------+------------------------------+
* Clock Loads column represents the clock pin loads (pin count)
** Non-Clock Loads column represents the non-clock pin loads (pin count)
*** Columns FF, LUTRAM, RAMB through 'Hard IP' represents load cell counts


7. Cell Type Counts per Global Clock: Region X1Y0
-------------------------------------------------

+-----------+-------+-----------------+------------+-------------+-----------------+-----+--------+------+-----+----+------+-----+---------+------------------------------+
| Global Id | Track | Driver Type/Pin | Constraint | Clock Loads | Non-Clock Loads | FF  | LUTRAM | RAMB | DSP | GT | MMCM | PLL | Hard IP | Net                          |
+-----------+-------+-----------------+------------+-------------+-----------------+-----+--------+------+-----+----+------+-----+---------+------------------------------+
| g0        | n/a   | BUFG/O          | None       |          97 |               0 |  69 |      0 |   28 |   0 |  0 |    0 |   0 |       0 | clocks/clk_wiz/inst/clk_out1 |
| g2        | n/a   | BUFG/O          | None       |         196 |               0 | 171 |      0 |   25 |   0 |  0 |    0 |   0 |       0 | clocks/ipb_clk               |
| g5        | n/a   | BUFG/O          | None       |           1 |               0 |   0 |      0 |    0 |   0 |  0 |    1 |   0 |       0 | clk200_BUFG                  |
+-----------+-------+-----------------+------------+-------------+-----------------+-----+--------+------+-----+----+------+-----+---------+------------------------------+
* Clock Loads column represents the clock pin loads (pin count)
** Non-Clock Loads column represents the non-clock pin loads (pin count)
*** Columns FF, LUTRAM, RAMB through 'Hard IP' represents load cell counts


8. Cell Type Counts per Global Clock: Region X0Y1
-------------------------------------------------

+-----------+-------+-----------------+------------+-------------+-----------------+------+--------+------+-----+----+------+-----+---------+------------------------------+
| Global Id | Track | Driver Type/Pin | Constraint | Clock Loads | Non-Clock Loads | FF   | LUTRAM | RAMB | DSP | GT | MMCM | PLL | Hard IP | Net                          |
+-----------+-------+-----------------+------------+-------------+-----------------+------+--------+------+-----+----+------+-----+---------+------------------------------+
| g0        | n/a   | BUFG/O          | None       |        2278 |               0 | 2199 |     54 |   23 |   0 |  0 |    0 |   0 |       0 | clocks/clk_wiz/inst/clk_out1 |
| g1        | n/a   | BUFG/O          | None       |         205 |               0 |  205 |      0 |    0 |   0 |  0 |    0 |   0 |       0 | clocks/clk125                |
| g2        | n/a   | BUFG/O          | None       |          18 |               1 |    0 |      0 |   18 |   0 |  0 |    0 |   0 |       0 | clocks/ipb_clk               |
| g3        | n/a   | BUFG/O          | None       |         362 |               0 |  362 |      0 |    0 |   0 |  0 |    0 |   0 |       0 | dbg_hub/inst/itck_i          |
| g5        | n/a   | BUFG/O          | None       |           4 |               0 |    4 |      0 |    0 |   0 |  0 |    0 |   0 |       0 | clk200_BUFG                  |
| g6        | n/a   | BUFG/O          | None       |           2 |               1 |    0 |      0 |    0 |   0 |  0 |    0 |   0 |       0 | clocks/clk_wiz/inst/clk_out2 |
+-----------+-------+-----------------+------------+-------------+-----------------+------+--------+------+-----+----+------+-----+---------+------------------------------+
* Clock Loads column represents the clock pin loads (pin count)
** Non-Clock Loads column represents the non-clock pin loads (pin count)
*** Columns FF, LUTRAM, RAMB through 'Hard IP' represents load cell counts


9. Cell Type Counts per Global Clock: Region X1Y1
-------------------------------------------------

+-----------+-------+-----------------+------------+-------------+-----------------+------+--------+------+-----+----+------+-----+---------+------------------------------+
| Global Id | Track | Driver Type/Pin | Constraint | Clock Loads | Non-Clock Loads | FF   | LUTRAM | RAMB | DSP | GT | MMCM | PLL | Hard IP | Net                          |
+-----------+-------+-----------------+------------+-------------+-----------------+------+--------+------+-----+----+------+-----+---------+------------------------------+
| g0        | n/a   | BUFG/O          | None       |        2478 |               0 | 2307 |    131 |   40 |   0 |  0 |    0 |   0 |       0 | clocks/clk_wiz/inst/clk_out1 |
| g2        | n/a   | BUFG/O          | None       |         109 |               0 |   72 |      0 |   37 |   0 |  0 |    0 |   0 |       0 | clocks/ipb_clk               |
+-----------+-------+-----------------+------------+-------------+-----------------+------+--------+------+-----+----+------+-----+---------+------------------------------+
* Clock Loads column represents the clock pin loads (pin count)
** Non-Clock Loads column represents the non-clock pin loads (pin count)
*** Columns FF, LUTRAM, RAMB through 'Hard IP' represents load cell counts


10. Cell Type Counts per Global Clock: Region X0Y2
--------------------------------------------------

+-----------+-------+-----------------+------------+-------------+-----------------+------+--------+------+-----+----+------+-----+---------+------------------------------+
| Global Id | Track | Driver Type/Pin | Constraint | Clock Loads | Non-Clock Loads | FF   | LUTRAM | RAMB | DSP | GT | MMCM | PLL | Hard IP | Net                          |
+-----------+-------+-----------------+------------+-------------+-----------------+------+--------+------+-----+----+------+-----+---------+------------------------------+
| g0        | n/a   | BUFG/O          | None       |         156 |               0 |  108 |     32 |   16 |   0 |  0 |    0 |   0 |       0 | clocks/clk_wiz/inst/clk_out1 |
| g1        | n/a   | BUFG/O          | None       |        2558 |               0 | 2509 |     39 |   10 |   0 |  0 |    0 |   0 |       0 | clocks/clk125                |
| g2        | n/a   | BUFG/O          | None       |         315 |               0 |  300 |      0 |   15 |   0 |  0 |    0 |   0 |       0 | clocks/ipb_clk               |
| g4        | n/a   | BUFR/O          | None       |         340 |               0 |  320 |     20 |    0 |   0 |  0 |    0 |   0 |       0 | eth/rx_clk                   |
| g5        | n/a   | BUFG/O          | None       |          20 |               0 |   18 |      1 |    0 |   0 |  0 |    0 |   0 |       0 | clk200_BUFG                  |
+-----------+-------+-----------------+------------+-------------+-----------------+------+--------+------+-----+----+------+-----+---------+------------------------------+
* Clock Loads column represents the clock pin loads (pin count)
** Non-Clock Loads column represents the non-clock pin loads (pin count)
*** Columns FF, LUTRAM, RAMB through 'Hard IP' represents load cell counts


11. Cell Type Counts per Global Clock: Region X1Y2
--------------------------------------------------

+-----------+-------+-----------------+------------+-------------+-----------------+-----+--------+------+-----+----+------+-----+---------+------------------------------+
| Global Id | Track | Driver Type/Pin | Constraint | Clock Loads | Non-Clock Loads | FF  | LUTRAM | RAMB | DSP | GT | MMCM | PLL | Hard IP | Net                          |
+-----------+-------+-----------------+------------+-------------+-----------------+-----+--------+------+-----+----+------+-----+---------+------------------------------+
| g0        | n/a   | BUFG/O          | None       |         585 |               0 | 422 |    124 |   39 |   0 |  0 |    0 |   0 |       0 | clocks/clk_wiz/inst/clk_out1 |
| g2        | n/a   | BUFG/O          | None       |         248 |               1 | 231 |      1 |   17 |   0 |  0 |    0 |   0 |       0 | clocks/ipb_clk               |
+-----------+-------+-----------------+------------+-------------+-----------------+-----+--------+------+-----+----+------+-----+---------+------------------------------+
* Clock Loads column represents the clock pin loads (pin count)
** Non-Clock Loads column represents the non-clock pin loads (pin count)
*** Columns FF, LUTRAM, RAMB through 'Hard IP' represents load cell counts


12. Cell Type Counts per Global Clock: Region X0Y3
--------------------------------------------------

+-----------+-------+-----------------+------------+-------------+-----------------+-----+--------+------+-----+----+------+-----+---------+--------------------------------------------+
| Global Id | Track | Driver Type/Pin | Constraint | Clock Loads | Non-Clock Loads | FF  | LUTRAM | RAMB | DSP | GT | MMCM | PLL | Hard IP | Net                                        |
+-----------+-------+-----------------+------------+-------------+-----------------+-----+--------+------+-----+----+------+-----+---------+--------------------------------------------+
| g0        | n/a   | BUFG/O          | None       |         188 |               0 | 172 |      0 |   16 |   0 |  0 |    0 |   0 |       0 | clocks/clk_wiz/inst/clk_out1               |
| g1        | n/a   | BUFG/O          | None       |           2 |               0 |   0 |      0 |    1 |   0 |  0 |    0 |   0 |       0 | clocks/clk125                              |
| g2        | n/a   | BUFG/O          | None       |         149 |               0 | 132 |      0 |   17 |   0 |  0 |    0 |   0 |       0 | clocks/ipb_clk                             |
| g5        | n/a   | BUFG/O          | None       |           1 |               0 |   0 |      0 |    0 |   0 |  0 |    1 |   0 |       0 | clk200_BUFG                                |
| g7        | n/a   | BUFG/O          | None       |           1 |               0 |   0 |      0 |    0 |   0 |  0 |    1 |   0 |       0 | clocks/clk_wiz/inst/clkfbout_buf_clk_wiz_0 |
+-----------+-------+-----------------+------------+-------------+-----------------+-----+--------+------+-----+----+------+-----+---------+--------------------------------------------+
* Clock Loads column represents the clock pin loads (pin count)
** Non-Clock Loads column represents the non-clock pin loads (pin count)
*** Columns FF, LUTRAM, RAMB through 'Hard IP' represents load cell counts


13. Cell Type Counts per Global Clock: Region X1Y3
--------------------------------------------------

+-----------+-------+-----------------+------------+-------------+-----------------+----+--------+------+-----+----+------+-----+---------+------------------------------+
| Global Id | Track | Driver Type/Pin | Constraint | Clock Loads | Non-Clock Loads | FF | LUTRAM | RAMB | DSP | GT | MMCM | PLL | Hard IP | Net                          |
+-----------+-------+-----------------+------------+-------------+-----------------+----+--------+------+-----+----+------+-----+---------+------------------------------+
| g0        | n/a   | BUFG/O          | None       |          41 |               0 | 18 |      0 |   23 |   0 |  0 |    0 |   0 |       0 | clocks/clk_wiz/inst/clk_out1 |
| g1        | n/a   | BUFG/O          | None       |           2 |               0 |  0 |      0 |    2 |   0 |  0 |    0 |   0 |       0 | clocks/clk125                |
| g2        | n/a   | BUFG/O          | None       |          22 |               0 |  1 |      0 |   21 |   0 |  0 |    0 |   0 |       0 | clocks/ipb_clk               |
+-----------+-------+-----------------+------------+-------------+-----------------+----+--------+------+-----+----+------+-----+---------+------------------------------+
* Clock Loads column represents the clock pin loads (pin count)
** Non-Clock Loads column represents the non-clock pin loads (pin count)
*** Columns FF, LUTRAM, RAMB through 'Hard IP' represents load cell counts


14. Cell Type Counts per Global Clock: Region X0Y4
--------------------------------------------------

+-----------+-------+-----------------+------------+-------------+-----------------+-----+--------+------+-----+----+------+-----+---------+------------------------------+
| Global Id | Track | Driver Type/Pin | Constraint | Clock Loads | Non-Clock Loads | FF  | LUTRAM | RAMB | DSP | GT | MMCM | PLL | Hard IP | Net                          |
+-----------+-------+-----------------+------------+-------------+-----------------+-----+--------+------+-----+----+------+-----+---------+------------------------------+
| g0        | n/a   | BUFG/O          | None       |         187 |               0 | 133 |     25 |   29 |   0 |  0 |    0 |   0 |       0 | clocks/clk_wiz/inst/clk_out1 |
| g2        | n/a   | BUFG/O          | None       |          85 |               0 |  56 |      0 |   29 |   0 |  0 |    0 |   0 |       0 | clocks/ipb_clk               |
+-----------+-------+-----------------+------------+-------------+-----------------+-----+--------+------+-----+----+------+-----+---------+------------------------------+
* Clock Loads column represents the clock pin loads (pin count)
** Non-Clock Loads column represents the non-clock pin loads (pin count)
*** Columns FF, LUTRAM, RAMB through 'Hard IP' represents load cell counts


15. Cell Type Counts per Global Clock: Region X1Y4
--------------------------------------------------

+-----------+-------+-----------------+------------+-------------+-----------------+----+--------+------+-----+----+------+-----+---------+------------------------------+
| Global Id | Track | Driver Type/Pin | Constraint | Clock Loads | Non-Clock Loads | FF | LUTRAM | RAMB | DSP | GT | MMCM | PLL | Hard IP | Net                          |
+-----------+-------+-----------------+------------+-------------+-----------------+----+--------+------+-----+----+------+-----+---------+------------------------------+
| g0        | n/a   | BUFG/O          | None       |          47 |               0 | 12 |      8 |   27 |   0 |  0 |    0 |   0 |       0 | clocks/clk_wiz/inst/clk_out1 |
| g2        | n/a   | BUFG/O          | None       |          28 |               0 |  5 |      0 |   23 |   0 |  0 |    0 |   0 |       0 | clocks/ipb_clk               |
+-----------+-------+-----------------+------------+-------------+-----------------+----+--------+------+-----+----+------+-----+---------+------------------------------+
* Clock Loads column represents the clock pin loads (pin count)
** Non-Clock Loads column represents the non-clock pin loads (pin count)
*** Columns FF, LUTRAM, RAMB through 'Hard IP' represents load cell counts


16. Cell Type Counts per Global Clock: Region X0Y5
--------------------------------------------------

+-----------+-------+-----------------+------------+-------------+-----------------+----+--------+------+-----+----+------+-----+---------+------------------------------+
| Global Id | Track | Driver Type/Pin | Constraint | Clock Loads | Non-Clock Loads | FF | LUTRAM | RAMB | DSP | GT | MMCM | PLL | Hard IP | Net                          |
+-----------+-------+-----------------+------------+-------------+-----------------+----+--------+------+-----+----+------+-----+---------+------------------------------+
| g0        | n/a   | BUFG/O          | None       |          35 |               0 | 14 |      8 |   13 |   0 |  0 |    0 |   0 |       0 | clocks/clk_wiz/inst/clk_out1 |
| g2        | n/a   | BUFG/O          | None       |          12 |               0 |  0 |      0 |   12 |   0 |  0 |    0 |   0 |       0 | clocks/ipb_clk               |
+-----------+-------+-----------------+------------+-------------+-----------------+----+--------+------+-----+----+------+-----+---------+------------------------------+
* Clock Loads column represents the clock pin loads (pin count)
** Non-Clock Loads column represents the non-clock pin loads (pin count)
*** Columns FF, LUTRAM, RAMB through 'Hard IP' represents load cell counts


17. Cell Type Counts per Global Clock: Region X1Y5
--------------------------------------------------

+-----------+-------+-----------------+------------+-------------+-----------------+----+--------+------+-----+----+------+-----+---------+------------------------------+
| Global Id | Track | Driver Type/Pin | Constraint | Clock Loads | Non-Clock Loads | FF | LUTRAM | RAMB | DSP | GT | MMCM | PLL | Hard IP | Net                          |
+-----------+-------+-----------------+------------+-------------+-----------------+----+--------+------+-----+----+------+-----+---------+------------------------------+
| g0        | n/a   | BUFG/O          | None       |          19 |               0 |  1 |      0 |   18 |   0 |  0 |    0 |   0 |       0 | clocks/clk_wiz/inst/clk_out1 |
| g2        | n/a   | BUFG/O          | None       |          18 |               0 |  0 |      0 |   18 |   0 |  0 |    0 |   0 |       0 | clocks/ipb_clk               |
+-----------+-------+-----------------+------------+-------------+-----------------+----+--------+------+-----+----+------+-----+---------+------------------------------+
* Clock Loads column represents the clock pin loads (pin count)
** Non-Clock Loads column represents the non-clock pin loads (pin count)
*** Columns FF, LUTRAM, RAMB through 'Hard IP' represents load cell counts


18. Cell Type Counts per Global Clock: Region X1Y6
--------------------------------------------------

+-----------+-------+-----------------+------------+-------------+-----------------+----+--------+------+-----+----+------+-----+---------+------------------------------+
| Global Id | Track | Driver Type/Pin | Constraint | Clock Loads | Non-Clock Loads | FF | LUTRAM | RAMB | DSP | GT | MMCM | PLL | Hard IP | Net                          |
+-----------+-------+-----------------+------------+-------------+-----------------+----+--------+------+-----+----+------+-----+---------+------------------------------+
| g0        | n/a   | BUFG/O          | None       |           1 |               0 |  0 |      0 |    1 |   0 |  0 |    0 |   0 |       0 | clocks/clk_wiz/inst/clk_out1 |
| g1        | n/a   | BUFG/O          | None       |           4 |               0 |  0 |      0 |    4 |   0 |  0 |    0 |   0 |       0 | clocks/clk125                |
| g2        | n/a   | BUFG/O          | None       |           4 |               0 |  0 |      0 |    4 |   0 |  0 |    0 |   0 |       0 | clocks/ipb_clk               |
+-----------+-------+-----------------+------------+-------------+-----------------+----+--------+------+-----+----+------+-----+---------+------------------------------+
* Clock Loads column represents the clock pin loads (pin count)
** Non-Clock Loads column represents the non-clock pin loads (pin count)
*** Columns FF, LUTRAM, RAMB through 'Hard IP' represents load cell counts


19. Load Cell Placement Summary for Global Clock g0
---------------------------------------------------

+-----------+-----------------+-------------------+--------------------+-------------+----------------+----------+-------------+----------+----------------+----------+------------------------------+
| Global Id | Driver Type/Pin | Driver Region (D) | Clock              | Period (ns) | Waveform (ns)  | Root (R) | Slice Loads | IO Loads | Clocking Loads | GT Loads | Net                          |
+-----------+-----------------+-------------------+--------------------+-------------+----------------+----------+-------------+----------+----------------+----------+------------------------------+
| g0        | BUFG/O          | n/a               | clk_out1_clk_wiz_0 |      25.000 | {0.000 12.500} |          |        6122 |        2 |              0 |        0 | clocks/clk_wiz/inst/clk_out1 |
+-----------+-----------------+-------------------+--------------------+-------------+----------------+----------+-------------+----------+----------------+----------+------------------------------+
* Slice Loads column represents load cell count of all cell types other than IO, GT and clock resources
** IO Loads column represents load cell count of IO types
*** Clocking Loads column represents load cell count that are clock resources (global clock buffer, MMCM, PLL, etc)
**** GT Loads column represents load cell count of GT types


+----+-------+-------+
|    | X0    | X1    |
+----+-------+-------+
| Y6 |     0 |     1 |
| Y5 |    35 |    19 |
| Y4 |   187 |    47 |
| Y3 |   188 |    41 |
| Y2 |   156 |   585 |
| Y1 |  2278 |  2478 |
| Y0 |    12 |    97 |
+----+-------+-------+


20. Load Cell Placement Summary for Global Clock g1
---------------------------------------------------

+-----------+-----------------+-------------------+-------+-------------+---------------+----------+-------------+----------+----------------+----------+---------------+
| Global Id | Driver Type/Pin | Driver Region (D) | Clock | Period (ns) | Waveform (ns) | Root (R) | Slice Loads | IO Loads | Clocking Loads | GT Loads | Net           |
+-----------+-----------------+-------------------+-------+-------------+---------------+----------+-------------+----------+----------------+----------+---------------+
| g1        | BUFG/O          | n/a               | I     |       8.000 | {0.000 4.000} |          |        2771 |        0 |              0 |        0 | clocks/clk125 |
+-----------+-----------------+-------------------+-------+-------------+---------------+----------+-------------+----------+----------------+----------+---------------+
* Slice Loads column represents load cell count of all cell types other than IO, GT and clock resources
** IO Loads column represents load cell count of IO types
*** Clocking Loads column represents load cell count that are clock resources (global clock buffer, MMCM, PLL, etc)
**** GT Loads column represents load cell count of GT types


+----+-------+----+
|    | X0    | X1 |
+----+-------+----+
| Y6 |     0 |  4 |
| Y5 |     0 |  0 |
| Y4 |     0 |  0 |
| Y3 |     2 |  2 |
| Y2 |  2558 |  0 |
| Y1 |   205 |  0 |
| Y0 |     0 |  0 |
+----+-------+----+


21. Load Cell Placement Summary for Global Clock g2
---------------------------------------------------

+-----------+-----------------+-------------------+-----------+-------------+----------------+----------+-------------+----------+----------------+----------+----------------+
| Global Id | Driver Type/Pin | Driver Region (D) | Clock     | Period (ns) | Waveform (ns)  | Root (R) | Slice Loads | IO Loads | Clocking Loads | GT Loads | Net            |
+-----------+-----------------+-------------------+-----------+-------------+----------------+----------+-------------+----------+----------------+----------+----------------+
| g2        | BUFG/O          | n/a               | clk_ipb_i |      32.000 | {0.000 16.000} |          |        1218 |        0 |              0 |        0 | clocks/ipb_clk |
+-----------+-----------------+-------------------+-----------+-------------+----------------+----------+-------------+----------+----------------+----------+----------------+
* Slice Loads column represents load cell count of all cell types other than IO, GT and clock resources
** IO Loads column represents load cell count of IO types
*** Clocking Loads column represents load cell count that are clock resources (global clock buffer, MMCM, PLL, etc)
**** GT Loads column represents load cell count of GT types


+----+------+------+
|    | X0   | X1   |
+----+------+------+
| Y6 |    0 |    4 |
| Y5 |   12 |   18 |
| Y4 |   85 |   28 |
| Y3 |  149 |   22 |
| Y2 |  315 |  249 |
| Y1 |   19 |  109 |
| Y0 |   12 |  196 |
+----+------+------+


22. Load Cell Placement Summary for Global Clock g3
---------------------------------------------------

+-----------+-----------------+-------------------+-------------------------------------------------------------------------+-------------+----------------+----------+-------------+----------+----------------+----------+---------------------+
| Global Id | Driver Type/Pin | Driver Region (D) | Clock                                                                   | Period (ns) | Waveform (ns)  | Root (R) | Slice Loads | IO Loads | Clocking Loads | GT Loads | Net                 |
+-----------+-----------------+-------------------+-------------------------------------------------------------------------+-------------+----------------+----------+-------------+----------+----------------+----------+---------------------+
| g3        | BUFG/O          | n/a               | dbg_hub/inst/SWITCH_N_EXT_BSCAN.bscan_inst/SERIES7_BSCAN.bscan_inst/TCK |      33.000 | {0.000 16.500} |          |         362 |        0 |              0 |        0 | dbg_hub/inst/itck_i |
+-----------+-----------------+-------------------+-------------------------------------------------------------------------+-------------+----------------+----------+-------------+----------+----------------+----------+---------------------+
* Slice Loads column represents load cell count of all cell types other than IO, GT and clock resources
** IO Loads column represents load cell count of IO types
*** Clocking Loads column represents load cell count that are clock resources (global clock buffer, MMCM, PLL, etc)
**** GT Loads column represents load cell count of GT types


+----+------+----+
|    | X0   | X1 |
+----+------+----+
| Y6 |    0 |  0 |
| Y5 |    0 |  0 |
| Y4 |    0 |  0 |
| Y3 |    0 |  0 |
| Y2 |    0 |  0 |
| Y1 |  362 |  0 |
| Y0 |    0 |  0 |
+----+------+----+


23. Load Cell Placement Summary for Global Clock g4
---------------------------------------------------

+-----------+-----------------+-------------------+-------------+-------------+---------------+----------+-------------+----------+----------------+----------+------------+
| Global Id | Driver Type/Pin | Driver Region (D) | Clock       | Period (ns) | Waveform (ns) | Root (R) | Slice Loads | IO Loads | Clocking Loads | GT Loads | Net        |
+-----------+-----------------+-------------------+-------------+-------------+---------------+----------+-------------+----------+----------------+----------+------------+
| g4        | BUFR/O          | X0Y2              | gmii_rx_clk |       8.000 | {0.000 4.000} |          |         340 |        0 |              0 |        0 | eth/rx_clk |
+-----------+-----------------+-------------------+-------------+-------------+---------------+----------+-------------+----------+----------------+----------+------------+
* Slice Loads column represents load cell count of all cell types other than IO, GT and clock resources
** IO Loads column represents load cell count of IO types
*** Clocking Loads column represents load cell count that are clock resources (global clock buffer, MMCM, PLL, etc)
**** GT Loads column represents load cell count of GT types


+----+----------+----+
|    | X0       | X1 |
+----+----------+----+
| Y6 |        0 |  0 |
| Y5 |        0 |  0 |
| Y4 |        0 |  0 |
| Y3 |        0 |  0 |
| Y2 |  (D) 340 |  0 |
| Y1 |        0 |  0 |
| Y0 |        0 |  0 |
+----+----------+----+


24. Load Cell Placement Summary for Global Clock g5
---------------------------------------------------

+-----------+-----------------+-------------------+----------+-------------+---------------+----------+-------------+----------+----------------+----------+-------------+
| Global Id | Driver Type/Pin | Driver Region (D) | Clock    | Period (ns) | Waveform (ns) | Root (R) | Slice Loads | IO Loads | Clocking Loads | GT Loads | Net         |
+-----------+-----------------+-------------------+----------+-------------+---------------+----------+-------------+----------+----------------+----------+-------------+
| g5        | BUFG/O          | n/a               | sysclk_p |       5.000 | {0.000 2.500} |          |          24 |        0 |              2 |        0 | clk200_BUFG |
+-----------+-----------------+-------------------+----------+-------------+---------------+----------+-------------+----------+----------------+----------+-------------+
* Slice Loads column represents load cell count of all cell types other than IO, GT and clock resources
** IO Loads column represents load cell count of IO types
*** Clocking Loads column represents load cell count that are clock resources (global clock buffer, MMCM, PLL, etc)
**** GT Loads column represents load cell count of GT types


+----+-----+----+
|    | X0  | X1 |
+----+-----+----+
| Y6 |   0 |  0 |
| Y5 |   0 |  0 |
| Y4 |   0 |  0 |
| Y3 |   1 |  0 |
| Y2 |  20 |  0 |
| Y1 |   4 |  0 |
| Y0 |   0 |  1 |
+----+-----+----+


25. Load Cell Placement Summary for Global Clock g6
---------------------------------------------------

+-----------+-----------------+-------------------+--------------------+-------------+---------------+----------+-------------+----------+----------------+----------+------------------------------+
| Global Id | Driver Type/Pin | Driver Region (D) | Clock              | Period (ns) | Waveform (ns) | Root (R) | Slice Loads | IO Loads | Clocking Loads | GT Loads | Net                          |
+-----------+-----------------+-------------------+--------------------+-------------+---------------+----------+-------------+----------+----------------+----------+------------------------------+
| g6        | BUFG/O          | n/a               | clk_out2_clk_wiz_0 |       3.125 | {0.000 1.562} |          |           0 |        3 |              0 |        0 | clocks/clk_wiz/inst/clk_out2 |
+-----------+-----------------+-------------------+--------------------+-------------+---------------+----------+-------------+----------+----------------+----------+------------------------------+
* Slice Loads column represents load cell count of all cell types other than IO, GT and clock resources
** IO Loads column represents load cell count of IO types
*** Clocking Loads column represents load cell count that are clock resources (global clock buffer, MMCM, PLL, etc)
**** GT Loads column represents load cell count of GT types


+----+----+----+
|    | X0 | X1 |
+----+----+----+
| Y6 |  0 |  0 |
| Y5 |  0 |  0 |
| Y4 |  0 |  0 |
| Y3 |  0 |  0 |
| Y2 |  0 |  0 |
| Y1 |  3 |  0 |
| Y0 |  0 |  0 |
+----+----+----+


26. Load Cell Placement Summary for Global Clock g7
---------------------------------------------------

+-----------+-----------------+-------------------+--------------------+-------------+----------------+----------+-------------+----------+----------------+----------+--------------------------------------------+
| Global Id | Driver Type/Pin | Driver Region (D) | Clock              | Period (ns) | Waveform (ns)  | Root (R) | Slice Loads | IO Loads | Clocking Loads | GT Loads | Net                                        |
+-----------+-----------------+-------------------+--------------------+-------------+----------------+----------+-------------+----------+----------------+----------+--------------------------------------------+
| g7        | BUFG/O          | n/a               | clkfbout_clk_wiz_0 |      25.000 | {0.000 12.500} |          |           0 |        0 |              1 |        0 | clocks/clk_wiz/inst/clkfbout_buf_clk_wiz_0 |
+-----------+-----------------+-------------------+--------------------+-------------+----------------+----------+-------------+----------+----------------+----------+--------------------------------------------+
* Slice Loads column represents load cell count of all cell types other than IO, GT and clock resources
** IO Loads column represents load cell count of IO types
*** Clocking Loads column represents load cell count that are clock resources (global clock buffer, MMCM, PLL, etc)
**** GT Loads column represents load cell count of GT types


+----+----+----+
|    | X0 | X1 |
+----+----+----+
| Y6 |  0 |  0 |
| Y5 |  0 |  0 |
| Y4 |  0 |  0 |
| Y3 |  1 |  0 |
| Y2 |  0 |  0 |
| Y1 |  0 |  0 |
| Y0 |  0 |  0 |
+----+----+----+



# Location of BUFG Primitives 
set_property LOC BUFGCTRL_X0Y5 [get_cells dbg_hub/inst/SWITCH_N_EXT_BSCAN.u_bufg_icon_tck]
set_property LOC BUFGCTRL_X0Y4 [get_cells clocks/bufgipb]
set_property LOC BUFGCTRL_X0Y6 [get_cells clocks/clk_wiz/inst/clkf_buf]
set_property LOC BUFGCTRL_X0Y3 [get_cells clocks/clk_wiz/inst/clkout2_buf]
set_property LOC BUFGCTRL_X0Y0 [get_cells clocks/clk_wiz/inst/clkout1_buf]
set_property LOC BUFGCTRL_X0Y1 [get_cells clocks/bufg125]
set_property LOC BUFGCTRL_X0Y2 [get_cells clk200_BUFG_inst]

# Location of BUFIO Primitives 
set_property LOC BUFIO_X0Y9 [get_cells eth/bufio0]

# Location of BUFR Primitives 
set_property LOC BUFR_X0Y9 [get_cells eth/bufr0]

# Location of IO Primitives which is load of clock spine
set_property LOC IOB_X0Y84 [get_cells clk320_obufds]

# Location of clock ports
set_property LOC IOB_X0Y124 [get_ports gmii_rx_clk]
set_property LOC IOB_X1Y75 [get_ports sysclk_n]
set_property LOC IOB_X1Y76 [get_ports sysclk_p]

# Clock net "eth/rx_clk" driven by instance "eth/bufr0" located at site "BUFR_X0Y9"
#startgroup
create_pblock {CLKAG_eth/rx_clk}
add_cells_to_pblock [get_pblocks  {CLKAG_eth/rx_clk}] [get_cells -filter { PRIMITIVE_GROUP != I/O && IS_PRIMITIVE==1 && PRIMITIVE_LEVEL !=INTERNAL } -of_object [get_pins -filter {DIRECTION==IN} -of_objects [get_nets -hierarchical -filter {PARENT=="eth/rx_clk"}]]]
resize_pblock [get_pblocks {CLKAG_eth/rx_clk}] -add {CLOCKREGION_X0Y2:CLOCKREGION_X0Y2}
#endgroup

# Clock net "dbg_hub/inst/itck_i" driven by instance "dbg_hub/inst/SWITCH_N_EXT_BSCAN.u_bufg_icon_tck" located at site "BUFGCTRL_X0Y5"
#startgroup
create_pblock {CLKAG_dbg_hub/inst/itck_i}
add_cells_to_pblock [get_pblocks  {CLKAG_dbg_hub/inst/itck_i}] [get_cells -filter { PRIMITIVE_GROUP != I/O && IS_PRIMITIVE==1 && PRIMITIVE_LEVEL !=INTERNAL } -of_object [get_pins -filter {DIRECTION==IN} -of_objects [get_nets -hierarchical -filter {PARENT=="dbg_hub/inst/itck_i"}]]]
resize_pblock [get_pblocks {CLKAG_dbg_hub/inst/itck_i}] -add {CLOCKREGION_X0Y1:CLOCKREGION_X0Y1}
#endgroup

# Clock net "clocks/ipb_clk" driven by instance "clocks/bufgipb" located at site "BUFGCTRL_X0Y4"
#startgroup
create_pblock {CLKAG_clocks/ipb_clk}
add_cells_to_pblock [get_pblocks  {CLKAG_clocks/ipb_clk}] [get_cells -filter { PRIMITIVE_GROUP != I/O && IS_PRIMITIVE==1 && PRIMITIVE_LEVEL !=INTERNAL } -of_object [get_pins -filter {DIRECTION==IN} -of_objects [get_nets -hierarchical -filter {PARENT=="clocks/ipb_clk"}]]]
resize_pblock [get_pblocks {CLKAG_clocks/ipb_clk}] -add {CLOCKREGION_X0Y0:CLOCKREGION_X0Y0 CLOCKREGION_X0Y1:CLOCKREGION_X0Y1 CLOCKREGION_X0Y2:CLOCKREGION_X0Y2 CLOCKREGION_X0Y3:CLOCKREGION_X0Y3 CLOCKREGION_X0Y4:CLOCKREGION_X0Y4 CLOCKREGION_X0Y5:CLOCKREGION_X0Y5 CLOCKREGION_X1Y0:CLOCKREGION_X1Y0 CLOCKREGION_X1Y1:CLOCKREGION_X1Y1 CLOCKREGION_X1Y2:CLOCKREGION_X1Y2 CLOCKREGION_X1Y3:CLOCKREGION_X1Y3 CLOCKREGION_X1Y4:CLOCKREGION_X1Y4 CLOCKREGION_X1Y5:CLOCKREGION_X1Y5 CLOCKREGION_X1Y6:CLOCKREGION_X1Y6}
#endgroup

# Clock net "clocks/clk_wiz/inst/clk_out2" driven by instance "clocks/clk_wiz/inst/clkout2_buf" located at site "BUFGCTRL_X0Y3"
#startgroup
create_pblock {CLKAG_clocks/clk_wiz/inst/clk_out2}
add_cells_to_pblock [get_pblocks  {CLKAG_clocks/clk_wiz/inst/clk_out2}] [get_cells -filter { PRIMITIVE_GROUP != I/O && IS_PRIMITIVE==1 && PRIMITIVE_LEVEL !=INTERNAL && NAME!=clk320_obufds} -of_object [get_pins -filter {DIRECTION==IN} -of_objects [get_nets -hierarchical -filter {PARENT=="clocks/clk_wiz/inst/clk_out2"}]]]
resize_pblock [get_pblocks {CLKAG_clocks/clk_wiz/inst/clk_out2}] -add {CLOCKREGION_X0Y1:CLOCKREGION_X0Y1}
#endgroup

# Clock net "clocks/clk_wiz/inst/clk_out1" driven by instance "clocks/clk_wiz/inst/clkout1_buf" located at site "BUFGCTRL_X0Y0"
#startgroup
create_pblock {CLKAG_clocks/clk_wiz/inst/clk_out1}
add_cells_to_pblock [get_pblocks  {CLKAG_clocks/clk_wiz/inst/clk_out1}] [get_cells -filter { PRIMITIVE_GROUP != I/O && IS_PRIMITIVE==1 && PRIMITIVE_LEVEL !=INTERNAL } -of_object [get_pins -filter {DIRECTION==IN} -of_objects [get_nets -hierarchical -filter {PARENT=="clocks/clk_wiz/inst/clk_out1"}]]]
resize_pblock [get_pblocks {CLKAG_clocks/clk_wiz/inst/clk_out1}] -add {CLOCKREGION_X0Y0:CLOCKREGION_X0Y0 CLOCKREGION_X0Y1:CLOCKREGION_X0Y1 CLOCKREGION_X0Y2:CLOCKREGION_X0Y2 CLOCKREGION_X0Y3:CLOCKREGION_X0Y3 CLOCKREGION_X0Y4:CLOCKREGION_X0Y4 CLOCKREGION_X0Y5:CLOCKREGION_X0Y5 CLOCKREGION_X1Y0:CLOCKREGION_X1Y0 CLOCKREGION_X1Y1:CLOCKREGION_X1Y1 CLOCKREGION_X1Y2:CLOCKREGION_X1Y2 CLOCKREGION_X1Y3:CLOCKREGION_X1Y3 CLOCKREGION_X1Y4:CLOCKREGION_X1Y4 CLOCKREGION_X1Y5:CLOCKREGION_X1Y5 CLOCKREGION_X1Y6:CLOCKREGION_X1Y6}
#endgroup

# Clock net "clocks/clk125" driven by instance "clocks/bufg125" located at site "BUFGCTRL_X0Y1"
#startgroup
create_pblock {CLKAG_clocks/clk125}
add_cells_to_pblock [get_pblocks  {CLKAG_clocks/clk125}] [get_cells -filter { PRIMITIVE_GROUP != I/O && IS_PRIMITIVE==1 && PRIMITIVE_LEVEL !=INTERNAL } -of_object [get_pins -filter {DIRECTION==IN} -of_objects [get_nets -hierarchical -filter {PARENT=="clocks/clk125"}]]]
resize_pblock [get_pblocks {CLKAG_clocks/clk125}] -add {CLOCKREGION_X0Y1:CLOCKREGION_X0Y1 CLOCKREGION_X0Y2:CLOCKREGION_X0Y2 CLOCKREGION_X0Y3:CLOCKREGION_X0Y3 CLOCKREGION_X1Y3:CLOCKREGION_X1Y3 CLOCKREGION_X1Y6:CLOCKREGION_X1Y6}
#endgroup

# Clock net "clk200_BUFG" driven by instance "clk200_BUFG_inst" located at site "BUFGCTRL_X0Y2"
#startgroup
create_pblock {CLKAG_clk200_BUFG}
add_cells_to_pblock [get_pblocks  {CLKAG_clk200_BUFG}] [get_cells -filter { PRIMITIVE_GROUP != I/O && IS_PRIMITIVE==1 && PRIMITIVE_LEVEL !=INTERNAL && NAME!=clocks/mmcm && NAME!=clocks/clk_wiz/inst/mmcm_adv_inst} -of_object [get_pins -filter {DIRECTION==IN} -of_objects [get_nets -hierarchical -filter {PARENT=="clk200_BUFG"}]]]
resize_pblock [get_pblocks {CLKAG_clk200_BUFG}] -add {CLOCKREGION_X0Y1:CLOCKREGION_X0Y1 CLOCKREGION_X0Y2:CLOCKREGION_X0Y2}
#endgroup
