Copyright 1986-2016 Xilinx, Inc. All Rights Reserved.
---------------------------------------------------------------------------------------------------
| Tool Version : Vivado v.2016.4 (lin64) Build 1756540 Mon Jan 23 19:11:19 MST 2017
| Date         : Wed Oct  4 23:41:27 2017
| Host         : lut4431 running 64-bit unknown
| Command      : report_utilization -file top_utilization_placed.rpt -pb top_utilization_placed.pb
| Design       : top
| Device       : 7k325tffg900-2
| Design State : Fully Placed
---------------------------------------------------------------------------------------------------

Utilization Design Information

Table of Contents
-----------------
1. Slice Logic
1.1 Summary of Registers by Type
2. Slice Logic Distribution
3. Memory
4. DSP
5. IO and GT Specific
6. Clocking
7. Specific Feature
8. Primitives
9. Black Boxes
10. Instantiated Netlists

1. Slice Logic
--------------

+----------------------------+------+-------+-----------+-------+
|          Site Type         | Used | Fixed | Available | Util% |
+----------------------------+------+-------+-----------+-------+
| Slice LUTs                 | 7833 |     0 |    203800 |  3.84 |
|   LUT as Logic             | 7199 |     0 |    203800 |  3.53 |
|   LUT as Memory            |  634 |     0 |     64000 |  0.99 |
|     LUT as Distributed RAM |   32 |     0 |           |       |
|     LUT as Shift Register  |  602 |     0 |           |       |
| Slice Registers            | 9851 |     0 |    407600 |  2.42 |
|   Register as Flip Flop    | 9841 |     0 |    407600 |  2.41 |
|   Register as Latch        |   10 |     0 |    407600 | <0.01 |
| F7 Muxes                   |  325 |     0 |    101900 |  0.32 |
| F8 Muxes                   |    2 |     0 |     50950 | <0.01 |
+----------------------------+------+-------+-----------+-------+


1.1 Summary of Registers by Type
--------------------------------

+-------+--------------+-------------+--------------+
| Total | Clock Enable | Synchronous | Asynchronous |
+-------+--------------+-------------+--------------+
| 0     |            _ |           - |            - |
| 0     |            _ |           - |          Set |
| 0     |            _ |           - |        Reset |
| 0     |            _ |         Set |            - |
| 0     |            _ |       Reset |            - |
| 0     |          Yes |           - |            - |
| 113   |          Yes |           - |          Set |
| 975   |          Yes |           - |        Reset |
| 316   |          Yes |         Set |            - |
| 8457  |          Yes |       Reset |            - |
+-------+--------------+-------------+--------------+


2. Slice Logic Distribution
---------------------------

+-------------------------------------------+------+-------+-----------+-------+
|                 Site Type                 | Used | Fixed | Available | Util% |
+-------------------------------------------+------+-------+-----------+-------+
| Slice                                     | 3954 |     0 |     50950 |  7.76 |
|   SLICEL                                  | 2632 |     0 |           |       |
|   SLICEM                                  | 1322 |     0 |           |       |
| LUT as Logic                              | 7199 |     0 |    203800 |  3.53 |
|   using O5 output only                    |    0 |       |           |       |
|   using O6 output only                    | 6365 |       |           |       |
|   using O5 and O6                         |  834 |       |           |       |
| LUT as Memory                             |  634 |     0 |     64000 |  0.99 |
|   LUT as Distributed RAM                  |   32 |     0 |           |       |
|     using O5 output only                  |    0 |       |           |       |
|     using O6 output only                  |    0 |       |           |       |
|     using O5 and O6                       |   32 |       |           |       |
|   LUT as Shift Register                   |  602 |     0 |           |       |
|     using O5 output only                  |   42 |       |           |       |
|     using O6 output only                  |  104 |       |           |       |
|     using O5 and O6                       |  456 |       |           |       |
| LUT Flip Flop Pairs                       | 4011 |     0 |    203800 |  1.97 |
|   fully used LUT-FF pairs                 |  523 |       |           |       |
|   LUT-FF pairs with one unused LUT output | 3243 |       |           |       |
|   LUT-FF pairs with one unused Flip Flop  | 3110 |       |           |       |
| Unique Control Sets                       |  474 |       |           |       |
+-------------------------------------------+------+-------+-----------+-------+
* Note: Review the Control Sets Report for more information regarding control sets.


3. Memory
---------

+-------------------+------+-------+-----------+-------+
|     Site Type     | Used | Fixed | Available | Util% |
+-------------------+------+-------+-----------+-------+
| Block RAM Tile    |  302 |     0 |       445 | 67.87 |
|   RAMB36/FIFO*    |  302 |     0 |       445 | 67.87 |
|     RAMB36E1 only |  302 |       |           |       |
|   RAMB18          |    0 |     0 |       890 |  0.00 |
+-------------------+------+-------+-----------+-------+
* Note: Each Block RAM Tile only has one FIFO logic available and therefore can accommodate only one FIFO36E1 or one FIFO18E1. However, if a FIFO18E1 occupies a Block RAM Tile, that tile can still accommodate a RAMB18E1


4. DSP
------

+-----------+------+-------+-----------+-------+
| Site Type | Used | Fixed | Available | Util% |
+-----------+------+-------+-----------+-------+
| DSPs      |    0 |     0 |       840 |  0.00 |
+-----------+------+-------+-----------+-------+


5. IO and GT Specific
---------------------

+-----------------------------+------+-------+-----------+-------+
|          Site Type          | Used | Fixed | Available | Util% |
+-----------------------------+------+-------+-----------+-------+
| Bonded IOB                  |   73 |    73 |       500 | 14.60 |
|   IOB Master Pads           |   34 |       |           |       |
|   IOB Slave Pads            |   34 |       |           |       |
|   IOB Flip Flops            |   10 |    10 |           |       |
| Bonded IPADs                |    0 |     0 |        50 |  0.00 |
| Bonded OPADs                |    0 |     0 |        32 |  0.00 |
| PHY_CONTROL                 |    0 |     0 |        10 |  0.00 |
| PHASER_REF                  |    0 |     0 |        10 |  0.00 |
| OUT_FIFO                    |    0 |     0 |        40 |  0.00 |
| IN_FIFO                     |    0 |     0 |        40 |  0.00 |
| IDELAYCTRL                  |    1 |     0 |        10 | 10.00 |
| IBUFDS                      |   11 |    11 |       480 |  2.29 |
| GTXE2_COMMON                |    0 |     0 |         4 |  0.00 |
| GTXE2_CHANNEL               |    0 |     0 |        16 |  0.00 |
| PHASER_OUT/PHASER_OUT_PHY   |    0 |     0 |        40 |  0.00 |
| PHASER_IN/PHASER_IN_PHY     |    0 |     0 |        40 |  0.00 |
| IDELAYE2/IDELAYE2_FINEDELAY |   10 |    10 |       500 |  2.00 |
|   IDELAYE2 only             |   10 |    10 |           |       |
| ODELAYE2/ODELAYE2_FINEDELAY |    0 |     0 |       150 |  0.00 |
| IBUFDS_GTE2                 |    0 |     0 |         8 |  0.00 |
| ILOGIC                      |   11 |    11 |       500 |  2.20 |
|   IFF_Register              |   10 |    10 |           |       |
|   ISERDES                   |    1 |     1 |           |       |
| OLOGIC                      |    2 |     2 |       500 |  0.40 |
|   OUTFF_ODDR_Register       |    1 |     1 |           |       |
|   OSERDES                   |    1 |     1 |           |       |
+-----------------------------+------+-------+-----------+-------+


6. Clocking
-----------

+--------------+------+-------+-----------+-------+
|   Site Type  | Used | Fixed | Available | Util% |
+--------------+------+-------+-----------+-------+
| BUFGCTRL     |    7 |     0 |        32 | 21.88 |
| BUFIO        |    1 |     1 |        40 |  2.50 |
|   BUFIO only |    1 |     1 |           |       |
| MMCME2_ADV   |    2 |     0 |        10 | 20.00 |
| PLLE2_ADV    |    0 |     0 |        10 |  0.00 |
| BUFMRCE      |    0 |     0 |        20 |  0.00 |
| BUFHCE       |    0 |     0 |       168 |  0.00 |
| BUFR         |    1 |     0 |        40 |  2.50 |
+--------------+------+-------+-----------+-------+


7. Specific Feature
-------------------

+-------------+------+-------+-----------+-------+
|  Site Type  | Used | Fixed | Available | Util% |
+-------------+------+-------+-----------+-------+
| BSCANE2     |    1 |     0 |         4 | 25.00 |
| CAPTUREE2   |    0 |     0 |         1 |  0.00 |
| DNA_PORT    |    0 |     0 |         1 |  0.00 |
| EFUSE_USR   |    0 |     0 |         1 |  0.00 |
| FRAME_ECCE2 |    0 |     0 |         1 |  0.00 |
| ICAPE2      |    0 |     0 |         2 |  0.00 |
| PCIE_2_1    |    0 |     0 |         1 |  0.00 |
| STARTUPE2   |    0 |     0 |         1 |  0.00 |
| XADC        |    0 |     0 |         1 |  0.00 |
+-------------+------+-------+-----------+-------+


8. Primitives
-------------

+------------+------+---------------------+
|  Ref Name  | Used | Functional Category |
+------------+------+---------------------+
| FDRE       | 8457 |        Flop & Latch |
| LUT6       | 3484 |                 LUT |
| LUT4       | 1196 |                 LUT |
| LUT2       | 1162 |                 LUT |
| LUT5       | 1142 |                 LUT |
| FDCE       |  973 |        Flop & Latch |
| LUT3       |  891 |                 LUT |
| SRL16E     |  659 |  Distributed Memory |
| SRLC32E    |  395 |  Distributed Memory |
| CARRY4     |  353 |          CarryLogic |
| MUXF7      |  325 |               MuxFx |
| FDSE       |  316 |        Flop & Latch |
| RAMB36E1   |  302 |        Block Memory |
| LUT1       |  158 |                 LUT |
| FDPE       |  105 |        Flop & Latch |
| RAMD32     |   50 |  Distributed Memory |
| OBUF       |   34 |                  IO |
| RAMS32     |   14 |  Distributed Memory |
| IBUF       |   13 |                  IO |
| IBUFDS     |   11 |                  IO |
| IDELAYE2   |   10 |                  IO |
| LDPE       |    8 |        Flop & Latch |
| BUFG       |    7 |               Clock |
| SRLC16E    |    4 |  Distributed Memory |
| OBUFDS     |    2 |                  IO |
| MUXF8      |    2 |               MuxFx |
| MMCME2_ADV |    2 |               Clock |
| LDCE       |    2 |        Flop & Latch |
| OSERDESE2  |    1 |                  IO |
| ODDR       |    1 |                  IO |
| OBUFT      |    1 |                  IO |
| ISERDESE2  |    1 |                  IO |
| IDELAYCTRL |    1 |                  IO |
| BUFR       |    1 |               Clock |
| BUFIO      |    1 |               Clock |
| BSCANE2    |    1 |              Others |
+------------+------+---------------------+


9. Black Boxes
--------------

+----------+------+
| Ref Name | Used |
+----------+------+


10. Instantiated Netlists
-------------------------

+-----------------------+------+
|        Ref Name       | Used |
+-----------------------+------+
| tri_mode_eth_mac_v5_4 |    1 |
| ser_8                 |    1 |
| mac_fifo_axi4         |    1 |
| ila_5                 |    1 |
| ila_0                 |    1 |
| fifo_rx               |    1 |
| fifo_generator_0      |    1 |
| dser_8                |    1 |
| dbg_hub_CV            |    1 |
| clk_wiz_0             |    1 |
+-----------------------+------+


